# Your system has configured 'manage_etc_hosts' as True.
# As a result, if you wish for changes to this file to persist
# then you will need to either
# a.) make changes to the master file in /etc/cloud/templates/hosts.debian.tmpl
# b.) change or remove the value of 'manage_etc_hosts' in
#     /etc/cloud/cloud.cfg or cloud-config from user-data
#
127.0.1.1 arctrdcn001.rs.gsu.edu arctrdcn001
127.0.0.1 localhost

# The following lines are desirable for IPv6 capable hosts
::1 localhost ip6-localhost ip6-loopback
ff02::1 ip6-allnodes
ff02::2 ip6-allrouters

[I 2023-10-18 00:18:11.702 ServerApp] Package jupyterlab took 0.0000s to import
[I 2023-10-18 00:18:11.823 ServerApp] Package jupyter_lsp took 0.1197s to import
[W 2023-10-18 00:18:11.823 ServerApp] A `_jupyter_server_extension_points` function was not found in jupyter_lsp. Instead, a `_jupyter_server_extension_paths` function was found and will be used for now. This function name will be deprecated in future releases of Jupyter Server.
[I 2023-10-18 00:18:11.838 ServerApp] Package jupyter_server_fileid took 0.0147s to import
[I 2023-10-18 00:18:11.889 ServerApp] Package jupyter_server_terminals took 0.0499s to import
[I 2023-10-18 00:18:12.060 ServerApp] Package jupyter_server_ydoc took 0.1694s to import
[I 2023-10-18 00:18:12.086 ServerApp] Package nbclassic took 0.0262s to import
[W 2023-10-18 00:18:12.099 ServerApp] A `_jupyter_server_extension_points` function was not found in nbclassic. Instead, a `_jupyter_server_extension_paths` function was found and will be used for now. This function name will be deprecated in future releases of Jupyter Server.
[I 2023-10-18 00:18:12.099 ServerApp] Package notebook took 0.0000s to import
[I 2023-10-18 00:18:12.105 ServerApp] Package notebook_shim took 0.0000s to import
[W 2023-10-18 00:18:12.105 ServerApp] A `_jupyter_server_extension_points` function was not found in notebook_shim. Instead, a `_jupyter_server_extension_paths` function was found and will be used for now. This function name will be deprecated in future releases of Jupyter Server.
[I 2023-10-18 00:18:12.107 ServerApp] jupyter_lsp | extension was successfully linked.
[I 2023-10-18 00:18:12.114 ServerApp] jupyter_server_fileid | extension was successfully linked.
[I 2023-10-18 00:18:12.119 ServerApp] jupyter_server_terminals | extension was successfully linked.
[I 2023-10-18 00:18:12.123 ServerApp] jupyter_server_ydoc | extension was successfully linked.
[I 2023-10-18 00:18:12.128 ServerApp] jupyterlab | extension was successfully linked.
[I 2023-10-18 00:18:12.132 ServerApp] nbclassic | extension was successfully linked.
[I 2023-10-18 00:18:12.135 ServerApp] notebook | extension was successfully linked.
[I 2023-10-18 00:18:13.917 ServerApp] notebook_shim | extension was successfully linked.
[I 2023-10-18 00:18:14.009 ServerApp] notebook_shim | extension was successfully loaded.
[I 2023-10-18 00:18:14.011 ServerApp] jupyter_lsp | extension was successfully loaded.
[I 2023-10-18 00:18:14.011 FileIdExtension] Configured File ID manager: ArbitraryFileIdManager
[I 2023-10-18 00:18:14.011 FileIdExtension] ArbitraryFileIdManager : Configured root dir: /data/users2/jwardell1/dcgan-project
[I 2023-10-18 00:18:14.011 FileIdExtension] ArbitraryFileIdManager : Configured database path: /home/users/jwardell1/.local/share/jupyter/file_id_manager.db
[I 2023-10-18 00:18:14.018 FileIdExtension] ArbitraryFileIdManager : Successfully connected to database file.
[I 2023-10-18 00:18:14.018 FileIdExtension] ArbitraryFileIdManager : Creating File ID tables and indices with journal_mode = DELETE
[I 2023-10-18 00:18:14.038 FileIdExtension] Attached event listeners.
[I 2023-10-18 00:18:14.038 ServerApp] jupyter_server_fileid | extension was successfully loaded.
[I 2023-10-18 00:18:14.042 ServerApp] jupyter_server_terminals | extension was successfully loaded.
[I 2023-10-18 00:18:14.043 ServerApp] jupyter_server_ydoc | extension was successfully loaded.
[I 2023-10-18 00:18:14.109 LabApp] JupyterLab extension loaded from /data/users2/jwardell1/miniconda3/envs/dcgan/lib/python3.11/site-packages/jupyterlab
[I 2023-10-18 00:18:14.110 LabApp] JupyterLab application directory is /data/users2/jwardell1/miniconda3/envs/dcgan/share/jupyter/lab
[I 2023-10-18 00:18:14.112 LabApp] Extension Manager is 'pypi'.
[I 2023-10-18 00:18:14.117 ServerApp] jupyterlab | extension was successfully loaded.
[I 2023-10-18 00:18:14.144 ServerApp] nbclassic | extension was successfully loaded.
[I 2023-10-18 00:18:14.154 ServerApp] notebook | extension was successfully loaded.
[I 2023-10-18 00:18:14.155 ServerApp] Serving notebooks from local directory: /data/users2/jwardell1/dcgan-project
[I 2023-10-18 00:18:14.155 ServerApp] Jupyter Server 2.8.0 is running at:
[I 2023-10-18 00:18:14.155 ServerApp] http://arctrdcn001:8892/lab?token=5d5d901d180798cd154a91059f66f7d401d473d36633bbf5
[I 2023-10-18 00:18:14.155 ServerApp]     http://127.0.0.1:8892/lab?token=5d5d901d180798cd154a91059f66f7d401d473d36633bbf5
[I 2023-10-18 00:18:14.155 ServerApp] Use Control-C to stop this server and shut down all kernels (twice to skip confirmation).
[W 2023-10-18 00:18:14.182 ServerApp] No web browser found: Error('could not locate runnable browser').
[C 2023-10-18 00:18:14.182 ServerApp] 
    
    To access the server, open this file in a browser:
        file:///home/users/jwardell1/.local/share/jupyter/runtime/jpserver-3488431-open.html
    Or copy and paste one of these URLs:
        http://arctrdcn001:8892/lab?token=5d5d901d180798cd154a91059f66f7d401d473d36633bbf5
        http://127.0.0.1:8892/lab?token=5d5d901d180798cd154a91059f66f7d401d473d36633bbf5
[I 2023-10-18 00:18:14.262 ServerApp] Skipped non-installed server(s): bash-language-server, dockerfile-language-server-nodejs, javascript-typescript-langserver, jedi-language-server, julia-language-server, pyright, python-language-server, python-lsp-server, r-languageserver, sql-language-server, texlab, typescript-language-server, unified-language-server, vscode-css-languageserver-bin, vscode-html-languageserver-bin, vscode-json-languageserver-bin, yaml-language-server
0.01s - Debugger warning: It seems that frozen modules are being used, which may
0.00s - make the debugger miss breakpoints. Please pass -Xfrozen_modules=off
0.00s - to python to disable frozen modules.
0.00s - Note: Debugging will proceed. Set PYDEVD_DISABLE_FILE_VALIDATION=1 to disable this validation.
[W 2023-10-18 00:35:15.160 LabApp] Could not determine jupyterlab build status without nodejs
[I 2023-10-18 00:35:17.213 ServerApp] Kernel started: cac4f8f5-9469-4550-bd05-b9ddaf109d5e
0.00s - Debugger warning: It seems that frozen modules are being used, which may
0.00s - make the debugger miss breakpoints. Please pass -Xfrozen_modules=off
0.00s - to python to disable frozen modules.
0.00s - Note: Debugging will proceed. Set PYDEVD_DISABLE_FILE_VALIDATION=1 to disable this validation.
[I 2023-10-18 00:35:18.988 ServerApp] Connecting to kernel cac4f8f5-9469-4550-bd05-b9ddaf109d5e.
[I 2023-10-18 00:35:19.107 ServerApp] Connecting to kernel cac4f8f5-9469-4550-bd05-b9ddaf109d5e.
[I 2023-10-18 00:35:19.188 ServerApp] Connecting to kernel cac4f8f5-9469-4550-bd05-b9ddaf109d5e.
[I 2023-10-18 01:40:56.176 ServerApp] Starting buffering for cac4f8f5-9469-4550-bd05-b9ddaf109d5e:3953ec3b-571d-48b4-b51c-d6d8a2132b60
[I 2023-10-18 01:41:00.924 ServerApp] Connecting to kernel cac4f8f5-9469-4550-bd05-b9ddaf109d5e.
[I 2023-10-18 01:43:00.893 ServerApp] Saving file at /LinearClassifier.ipynb
[I 2023-10-18 01:45:01.090 ServerApp] Saving file at /LinearClassifier.ipynb
[I 2023-10-18 01:47:01.639 ServerApp] Saving file at /LinearClassifier.ipynb
[I 2023-10-18 01:49:01.782 ServerApp] Saving file at /LinearClassifier.ipynb
[I 2023-10-18 01:50:58.789 ServerApp] Saving file at /LinearClassifier.ipynb
[I 2023-10-18 01:52:58.947 ServerApp] Saving file at /LinearClassifier.ipynb
[I 2023-10-18 01:54:30.698 ServerApp] Kernel interrupted: cac4f8f5-9469-4550-bd05-b9ddaf109d5e
[I 2023-10-18 01:54:59.106 ServerApp] Saving file at /LinearClassifier.ipynb
[I 2023-10-18 01:57:00.023 ServerApp] Saving file at /LinearClassifier.ipynb
[I 2023-10-18 01:59:00.993 ServerApp] Saving file at /LinearClassifier.ipynb
[I 2023-10-18 02:03:01.994 ServerApp] Saving file at /LinearClassifier.ipynb
[I 2023-10-18 02:05:02.163 ServerApp] Saving file at /LinearClassifier.ipynb
[I 2023-10-18 02:07:02.321 ServerApp] Saving file at /LinearClassifier.ipynb
[I 2023-10-18 02:09:03.008 ServerApp] Saving file at /LinearClassifier.ipynb
[I 2023-10-18 02:11:03.162 ServerApp] Saving file at /LinearClassifier.ipynb
[I 2023-10-18 02:13:04.002 ServerApp] Saving file at /LinearClassifier.ipynb
[I 2023-10-18 02:15:04.170 ServerApp] Saving file at /LinearClassifier.ipynb
[I 2023-10-18 02:17:04.357 ServerApp] Saving file at /LinearClassifier.ipynb
[I 2023-10-18 02:19:04.998 ServerApp] Saving file at /LinearClassifier.ipynb
[I 2023-10-18 02:21:06.030 ServerApp] Saving file at /LinearClassifier.ipynb
[I 2023-10-18 02:23:06.202 ServerApp] Saving file at /LinearClassifier.ipynb
[I 2023-10-18 02:23:11.264 ServerApp] Kernel interrupted: cac4f8f5-9469-4550-bd05-b9ddaf109d5e
[I 2023-10-18 02:25:06.372 ServerApp] Saving file at /LinearClassifier.ipynb
[I 2023-10-18 02:27:06.588 ServerApp] Saving file at /LinearClassifier.ipynb
[I 2023-10-18 02:29:07.014 ServerApp] Saving file at /LinearClassifier.ipynb
[I 2023-10-18 02:31:08.030 ServerApp] Saving file at /LinearClassifier.ipynb
[I 2023-10-18 02:33:09.033 ServerApp] Saving file at /LinearClassifier.ipynb
[I 2023-10-18 02:35:09.207 ServerApp] Saving file at /LinearClassifier.ipynb
[I 2023-10-18 02:37:10.029 ServerApp] Saving file at /LinearClassifier.ipynb
[I 2023-10-18 02:39:11.028 ServerApp] Saving file at /LinearClassifier.ipynb
[I 2023-10-18 02:41:14.714 ServerApp] Saving file at /LinearClassifier.ipynb
[I 2023-10-18 02:43:15.040 ServerApp] Saving file at /LinearClassifier.ipynb
[I 2023-10-18 02:45:16.030 ServerApp] Saving file at /LinearClassifier.ipynb
[I 2023-10-18 02:47:17.033 ServerApp] Saving file at /LinearClassifier.ipynb
[I 2023-10-18 02:49:18.093 ServerApp] Saving file at /LinearClassifier.ipynb
[I 2023-10-18 02:51:19.166 ServerApp] Saving file at /LinearClassifier.ipynb
[I 2023-10-18 02:53:20.031 ServerApp] Saving file at /LinearClassifier.ipynb
[I 2023-10-18 02:55:21.021 ServerApp] Saving file at /LinearClassifier.ipynb
[I 2023-10-18 02:57:22.052 ServerApp] Saving file at /LinearClassifier.ipynb
[I 2023-10-18 02:59:23.025 ServerApp] Saving file at /LinearClassifier.ipynb
[I 2023-10-18 03:01:24.036 ServerApp] Saving file at /LinearClassifier.ipynb
[I 2023-10-18 03:03:25.022 ServerApp] Saving file at /LinearClassifier.ipynb
[I 2023-10-18 03:05:26.039 ServerApp] Saving file at /LinearClassifier.ipynb
[I 2023-10-18 03:07:27.031 ServerApp] Saving file at /LinearClassifier.ipynb
[I 2023-10-18 03:09:28.034 ServerApp] Saving file at /LinearClassifier.ipynb
[I 2023-10-18 03:11:29.037 ServerApp] Saving file at /LinearClassifier.ipynb
[I 2023-10-18 03:13:30.033 ServerApp] Saving file at /LinearClassifier.ipynb
[I 2023-10-18 03:15:31.039 ServerApp] Saving file at /LinearClassifier.ipynb
[I 2023-10-18 03:17:32.056 ServerApp] Saving file at /LinearClassifier.ipynb
[I 2023-10-18 03:19:33.045 ServerApp] Saving file at /LinearClassifier.ipynb
[I 2023-10-18 03:21:34.048 ServerApp] Saving file at /LinearClassifier.ipynb
[I 2023-10-18 03:23:35.041 ServerApp] Saving file at /LinearClassifier.ipynb
[I 2023-10-18 03:24:01.433 ServerApp] Kernel interrupted: cac4f8f5-9469-4550-bd05-b9ddaf109d5e
[I 2023-10-18 03:25:22.638 ServerApp] Kernel interrupted: cac4f8f5-9469-4550-bd05-b9ddaf109d5e
[I 2023-10-18 03:25:23.852 ServerApp] Kernel interrupted: cac4f8f5-9469-4550-bd05-b9ddaf109d5e
[I 2023-10-18 03:25:35.200 ServerApp] Saving file at /LinearClassifier.ipynb
[I 2023-10-18 03:27:36.071 ServerApp] Saving file at /LinearClassifier.ipynb
[I 2023-10-18 03:29:37.050 ServerApp] Saving file at /LinearClassifier.ipynb
[I 2023-10-18 03:31:38.083 ServerApp] Saving file at /LinearClassifier.ipynb
[I 2023-10-18 03:33:01.972 ServerApp] Kernel interrupted: cac4f8f5-9469-4550-bd05-b9ddaf109d5e
[I 2023-10-18 03:33:38.224 ServerApp] Saving file at /LinearClassifier.ipynb
[I 2023-10-18 03:35:39.050 ServerApp] Saving file at /LinearClassifier.ipynb
[I 2023-10-18 03:37:39.200 ServerApp] Saving file at /LinearClassifier.ipynb
[I 2023-10-18 03:38:25.829 ServerApp] Kernel interrupted: cac4f8f5-9469-4550-bd05-b9ddaf109d5e
[I 2023-10-18 03:39:40.045 ServerApp] Saving file at /LinearClassifier.ipynb
[I 2023-10-18 03:41:40.202 ServerApp] Saving file at /LinearClassifier.ipynb
[I 2023-10-18 03:43:40.367 ServerApp] Saving file at /LinearClassifier.ipynb
[I 2023-10-18 03:45:40.537 ServerApp] Saving file at /LinearClassifier.ipynb
[I 2023-10-18 03:47:41.052 ServerApp] Saving file at /LinearClassifier.ipynb
[I 2023-10-18 03:49:42.055 ServerApp] Saving file at /LinearClassifier.ipynb
[I 2023-10-18 03:51:43.094 ServerApp] Saving file at /LinearClassifier.ipynb
[I 2023-10-18 03:53:43.239 ServerApp] Saving file at /LinearClassifier.ipynb
[I 2023-10-18 03:55:43.382 ServerApp] Saving file at /LinearClassifier.ipynb
[I 2023-10-18 03:57:43.549 ServerApp] Saving file at /LinearClassifier.ipynb
[I 2023-10-18 03:59:44.073 ServerApp] Saving file at /LinearClassifier.ipynb
[I 2023-10-18 04:01:44.549 ServerApp] Saving file at /LinearClassifier.ipynb
[I 2023-10-18 04:03:44.727 ServerApp] Saving file at /LinearClassifier.ipynb
[I 2023-10-18 04:04:32.093 ServerApp] Saving file at /LinearClassifier.ipynb
[I 2023-10-18 04:04:32.325 ServerApp] Saving file at /LinearClassifier.ipynb
[I 2023-10-18 04:06:32.555 ServerApp] Saving file at /LinearClassifier.ipynb
[I 2023-10-18 04:06:49.156 ServerApp] Kernel interrupted: cac4f8f5-9469-4550-bd05-b9ddaf109d5e
[I 2023-10-18 04:07:25.625 ServerApp] Kernel interrupted: cac4f8f5-9469-4550-bd05-b9ddaf109d5e
[I 2023-10-18 04:08:27.519 ServerApp] Kernel interrupted: cac4f8f5-9469-4550-bd05-b9ddaf109d5e
[I 2023-10-18 04:08:32.725 ServerApp] Saving file at /LinearClassifier.ipynb
[I 2023-10-18 04:10:32.905 ServerApp] Saving file at /LinearClassifier.ipynb
[I 2023-10-18 04:11:15.709 ServerApp] Kernel interrupted: cac4f8f5-9469-4550-bd05-b9ddaf109d5e
[I 2023-10-18 04:12:33.102 ServerApp] Saving file at /LinearClassifier.ipynb
[I 2023-10-18 04:14:34.085 ServerApp] Saving file at /LinearClassifier.ipynb
[I 2023-10-18 04:16:34.265 ServerApp] Saving file at /LinearClassifier.ipynb
[I 2023-10-18 04:18:35.101 ServerApp] Saving file at /LinearClassifier.ipynb
[I 2023-10-18 04:20:35.290 ServerApp] Saving file at /LinearClassifier.ipynb
[I 2023-10-18 04:22:35.458 ServerApp] Saving file at /LinearClassifier.ipynb
[I 2023-10-18 04:24:35.605 ServerApp] Saving file at /LinearClassifier.ipynb
[I 2023-10-18 04:26:35.770 ServerApp] Saving file at /LinearClassifier.ipynb
[I 2023-10-18 04:30:36.089 ServerApp] Saving file at /LinearClassifier.ipynb
[I 2023-10-18 04:32:36.267 ServerApp] Saving file at /LinearClassifier.ipynb
[I 2023-10-18 04:34:36.454 ServerApp] Saving file at /LinearClassifier.ipynb
[I 2023-10-18 04:36:36.622 ServerApp] Saving file at /LinearClassifier.ipynb
[I 2023-10-18 04:38:37.126 ServerApp] Saving file at /LinearClassifier.ipynb
[I 2023-10-18 04:40:37.306 ServerApp] Saving file at /LinearClassifier.ipynb
[I 2023-10-18 04:42:38.097 ServerApp] Saving file at /LinearClassifier.ipynb
[I 2023-10-18 04:44:39.125 ServerApp] Saving file at /LinearClassifier.ipynb
[I 2023-10-18 04:45:18.085 ServerApp] Kernel interrupted: cac4f8f5-9469-4550-bd05-b9ddaf109d5e
[I 2023-10-18 04:46:39.301 ServerApp] Saving file at /LinearClassifier.ipynb
[I 2023-10-18 04:48:39.475 ServerApp] Saving file at /LinearClassifier.ipynb
[I 2023-10-18 04:50:39.658 ServerApp] Saving file at /LinearClassifier.ipynb
[I 2023-10-18 04:52:39.840 ServerApp] Saving file at /LinearClassifier.ipynb
[I 2023-10-18 05:03:45.347 ServerApp] Saving file at /LinearClassifier.ipynb
[I 2023-10-18 05:05:02.115 ServerApp] Saving file at /LinearClassifier.ipynb
[I 2023-10-18 05:05:03.005 ServerApp] Saving file at /LinearClassifier.ipynb
[I 2023-10-18 05:05:05.148 ServerApp] Saving file at /LinearClassifier.ipynb
[I 2023-10-18 05:05:15.576 ServerApp] Saving file at /LinearClassifier.ipynb
[I 2023-10-18 05:05:18.529 ServerApp] Saving file at /LinearClassifier.ipynb
[I 2023-10-18 05:06:20.943 ServerApp] Kernel interrupted: cac4f8f5-9469-4550-bd05-b9ddaf109d5e
[I 2023-10-18 05:15:52.621 ServerApp] Saving file at /LinearClassifier.ipynb
[I 2023-10-18 05:16:51.522 ServerApp] Saving file at /LinearClassifier.ipynb
[I 2023-10-18 05:18:08.330 ServerApp] Kernel interrupted: cac4f8f5-9469-4550-bd05-b9ddaf109d5e
[I 2023-10-18 05:18:23.251 ServerApp] Saving file at /LinearClassifier.ipynb
[I 2023-10-18 05:19:41.796 ServerApp] Kernel interrupted: cac4f8f5-9469-4550-bd05-b9ddaf109d5e
[I 2023-10-18 05:20:24.135 ServerApp] Saving file at /LinearClassifier.ipynb
[I 2023-10-18 05:21:25.032 ServerApp] Saving file at /LinearClassifier.ipynb
[I 2023-10-18 05:21:40.886 ServerApp] Saving file at /LinearClassifier.ipynb
[I 2023-10-18 05:22:26.104 ServerApp] Saving file at /LinearClassifier.ipynb
[I 2023-10-18 05:24:26.251 ServerApp] Saving file at /LinearClassifier.ipynb
[I 2023-10-18 05:26:26.985 ServerApp] Saving file at /LinearClassifier.ipynb
[I 2023-10-18 05:28:27.168 ServerApp] Saving file at /LinearClassifier.ipynb
[I 2023-10-18 05:30:27.708 ServerApp] Saving file at /LinearClassifier.ipynb
[I 2023-10-18 05:31:41.213 ServerApp] Saving file at /LinearClassifier.ipynb
[I 2023-10-18 05:33:41.395 ServerApp] Saving file at /LinearClassifier.ipynb
[I 2023-10-18 05:35:41.585 ServerApp] Saving file at /LinearClassifier.ipynb
[I 2023-10-18 05:37:41.844 ServerApp] Saving file at /LinearClassifier.ipynb
[I 2023-10-18 05:39:42.195 ServerApp] Saving file at /LinearClassifier.ipynb
[I 2023-10-18 05:41:42.569 ServerApp] Saving file at /LinearClassifier.ipynb
[I 2023-10-18 05:43:42.885 ServerApp] Saving file at /LinearClassifier.ipynb
[I 2023-10-18 05:43:49.768 ServerApp] Saving file at /LinearClassifier.ipynb
[I 2023-10-18 05:45:50.072 ServerApp] Saving file at /LinearClassifier.ipynb
[I 2023-10-18 05:47:50.444 ServerApp] Saving file at /LinearClassifier.ipynb
[I 2023-10-18 05:49:50.827 ServerApp] Saving file at /LinearClassifier.ipynb
[I 2023-10-18 05:51:51.321 ServerApp] Saving file at /LinearClassifier.ipynb
[I 2023-10-18 05:53:51.704 ServerApp] Saving file at /LinearClassifier.ipynb
[I 2023-10-18 05:55:52.357 ServerApp] Saving file at /LinearClassifier.ipynb
[I 2023-10-18 05:57:52.703 ServerApp] Saving file at /LinearClassifier.ipynb
[I 2023-10-18 05:58:19.976 ServerApp] Saving file at /LinearClassifier.ipynb
[I 2023-10-18 06:00:20.322 ServerApp] Saving file at /LinearClassifier.ipynb
[I 2023-10-18 06:02:20.780 ServerApp] Saving file at /LinearClassifier.ipynb
[W 2023-10-18 06:03:09.573 ServerApp] /data/users2/jwardell1/dcgan-project/.~LinearClassifier.ipynb doesn't exist
[W 2023-10-18 06:05:30.927 ServerApp] WebSocket ping timeout after 119859 ms.
[I 2023-10-18 06:05:35.933 ServerApp] Starting buffering for cac4f8f5-9469-4550-bd05-b9ddaf109d5e:ea9d1524-f2a8-43d2-bceb-f9446d5ac5fb
